<?xml version="1.0" encoding="UTF-8"?>
<testng-results skipped="0" failed="0" ignored="1" total="3" passed="2">
  <reporter-output>
  </reporter-output>
  <suite name="Default suite" duration-ms="78" started-at="2021-06-19T22:00:55 IST" finished-at="2021-06-19T22:00:55 IST">
    <groups>
    </groups>
    <test name="Default test" duration-ms="78" started-at="2021-06-19T22:00:55 IST" finished-at="2021-06-19T22:00:55 IST">
      <class name="pkg_learning.stringTrials">
        <test-method status="PASS" signature="countName()[pri:0, instance:pkg_learning.stringTrials@3b0143d3]" name="countName" duration-ms="16" started-at="2021-06-19T22:00:55 IST" finished-at="2021-06-19T22:00:55 IST">
          <reporter-output>
          </reporter-output>
        </test-method> <!-- countName -->
        <test-method status="PASS" signature="testCode()[pri:0, instance:pkg_learning.stringTrials@3b0143d3]" name="testCode" duration-ms="0" started-at="2021-06-19T22:00:55 IST" finished-at="2021-06-19T22:00:55 IST">
          <reporter-output>
          </reporter-output>
        </test-method> <!-- testCode -->
      </class> <!-- pkg_learning.stringTrials -->
    </test> <!-- Default test -->
  </suite> <!-- Default suite -->
</testng-results>
