<?xml version="1.0" encoding="UTF-8"?>
<testng-results skipped="0" failed="0" ignored="2" total="3" passed="1">
  <reporter-output>
  </reporter-output>
  <suite name="Default suite" duration-ms="75" started-at="2020-07-19T20:18:33 IST" finished-at="2020-07-19T20:18:33 IST">
    <groups>
    </groups>
    <test name="Default test" duration-ms="75" started-at="2020-07-19T20:18:33 IST" finished-at="2020-07-19T20:18:33 IST">
      <class name="pkg_learning.stringTrials">
        <test-method status="PASS" signature="testCode()[pri:0, instance:pkg_learning.stringTrials@6536e911]" name="testCode" duration-ms="5" started-at="2020-07-19T20:18:33 IST" finished-at="2020-07-19T20:18:33 IST">
          <reporter-output>
          </reporter-output>
        </test-method> <!-- testCode -->
      </class> <!-- pkg_learning.stringTrials -->
    </test> <!-- Default test -->
  </suite> <!-- Default suite -->
</testng-results>
