<?xml version="1.0" encoding="UTF-8"?>
<!-- Generated by org.testng.reporters.JUnitXMLReporter -->
<testsuite hostname="LAPTOP-0D4CH0TF" ignored="2" name="Default test" tests="1" failures="0" timestamp="2020-07-19T20:18:33 IST" time="0.075" errors="0">
  <testcase name="testCode" time="0.005" classname="pkg_learning.stringTrials"/>
  <testcase name="countName" time="0.0" classname="pkg_learning.stringTrials">
    <ignored/>
  </testcase> <!-- countName -->
  <testcase name="gtchar" time="0.0" classname="pkg_learning.stringTrials">
    <ignored/>
  </testcase> <!-- gtchar -->
</testsuite> <!-- Default test -->
