<?xml version="1.0" encoding="UTF-8"?>
<!-- Generated by org.testng.reporters.JUnitXMLReporter -->
<testsuite hostname="LAPTOP-0D4CH0TF" ignored="0" name="Default test" tests="3" failures="0" timestamp="2021-12-04T17:23:28 IST" time="0.07" errors="0">
  <testcase name="test3" time="0.01" classname="pkg_learning.annotation_test"/>
  <testcase name="test1" time="0.003" classname="pkg_learning.annotation_test"/>
  <testcase name="test2" time="0.002" classname="pkg_learning.annotation_test"/>
</testsuite> <!-- Default test -->
